<?xml version="1.0" encoding="UTF-8"?>
<!-- Generated by org.testng.reporters.JUnitReportReporter -->
<testsuite hostname="LAPTOP-VP4CJ4PK" failures="0" tests="1" name="driverFactory.Driver_Script" time="13.122" errors="0" timestamp="21 Jan 2025 11:58:05 GMT">
  <testcase classname="driverFactory.Driver_Script" name="startest" time="13.122"/>
</testsuite> <!-- driverFactory.Driver_Script -->
