<?xml version="1.0" encoding="UTF-8"?>
<!-- Generated by org.testng.reporters.JUnitReportReporter -->
<testsuite hostname="LAPTOP-VP4CJ4PK" failures="0" tests="1" name="driverFactory.Driver_Script" time="13.222" errors="0" timestamp="12 May 2024 09:34:00 GMT">
  <testcase classname="driverFactory.Driver_Script" name="startest" time="13.222"/>
</testsuite> <!-- driverFactory.Driver_Script -->
