<?xml version="1.0" encoding="UTF-8"?>
<!-- Generated by org.testng.reporters.JUnitReportReporter -->
<testsuite hostname="LAPTOP-VP4CJ4PK" failures="0" tests="1" name="driverFactory.Driver_Script" time="11.095" errors="0" timestamp="10 May 2024 08:40:23 GMT">
  <testcase classname="driverFactory.Driver_Script" name="startest" time="11.095"/>
</testsuite> <!-- driverFactory.Driver_Script -->
